<?xml version="1.0" encoding="UTF-8" ?>
<testsuite failures="0" time="15.69" errors="0" skipped="0" tests="6" name="org.apache.avro.TestDataFileConcat">
  <properties>
    <property name="java.runtime.name" value="Java(TM) SE Runtime Environment"/>
    <property name="sun.boot.library.path" value="/usr/lib/jvm/jdk1.6.0_45/jre/lib/amd64"/>
    <property name="java.vm.version" value="20.45-b01"/>
    <property name="java.vm.vendor" value="Sun Microsystems Inc."/>
    <property name="java.vendor.url" value="http://java.sun.com/"/>
    <property name="path.separator" value=":"/>
    <property name="guice.disable.misplaced.annotation.check" value="true"/>
    <property name="java.vm.name" value="Java HotSpot(TM) 64-Bit Server VM"/>
    <property name="file.encoding.pkg" value="sun.io"/>
    <property name="user.country" value="US"/>
    <property name="sun.java.launcher" value="SUN_STANDARD"/>
    <property name="sun.os.patch.level" value="unknown"/>
    <property name="java.vm.specification.name" value="Java Virtual Machine Specification"/>
    <property name="user.dir" value="/opt/mapr/impala/impala-1.0/thirdparty/avro-src-1.7.4"/>
    <property name="java.runtime.version" value="1.6.0_45-b06"/>
    <property name="java.awt.graphicsenv" value="sun.awt.X11GraphicsEnvironment"/>
    <property name="java.endorsed.dirs" value="/usr/lib/jvm/jdk1.6.0_45/jre/lib/endorsed"/>
    <property name="os.arch" value="amd64"/>
    <property name="java.io.tmpdir" value="/tmp"/>
    <property name="line.separator" value="
"/>
    <property name="java.vm.specification.vendor" value="Sun Microsystems Inc."/>
    <property name="os.name" value="Linux"/>
    <property name="classworlds.conf" value="/usr/local/apache-maven-3.0.5/bin/m2.conf"/>
    <property name="sun.jnu.encoding" value="UTF-8"/>
    <property name="java.library.path" value="/usr/lib/jvm/jdk1.6.0_45/jre/lib/amd64/server:/usr/lib/jvm/jdk1.6.0_45/jre/lib/amd64:/usr/lib/jvm/jdk1.6.0_45/jre/../lib/amd64::/usr/lib/jvm/java/jre/lib/amd64:/usr/lib/jvm/java/jre/lib/amd64/server:/usr/lib/jvm/java/jre/lib/amd64/server:/opt/mapr/impala/impala-1.0/thirdparty/hadoop-0.20.2-mapr2.1.2//c++/lib:/opt/mapr/impala/impala-1.0/be/build/debug/service:/opt/mapr/impala/impala-1.0/thirdparty/snappy-1.0.5/build/lib:/home/vagrant/Impala-lzo/build:/usr/lib/jvm/java/jre/lib/amd64:/usr/lib/jvm/java/jre/lib/amd64/server:/usr/lib/jvm/java/jre/lib/amd64/server:/opt/mapr/impala/impala-1.0/thirdparty/hadoop-0.20.2-mapr2.1.2//c++/lib:/opt/mapr/impala/impala-1.0/be/build/debug/service:/opt/mapr/impala/impala-1.0/thirdparty/snappy-1.0.5/build/lib:/home/vagrant/Impala-lzo/build:/usr/java/packages/lib/amd64:/usr/lib64:/lib64:/lib:/usr/lib"/>
    <property name="java.specification.name" value="Java Platform API Specification"/>
    <property name="java.class.version" value="50.0"/>
    <property name="sun.management.compiler" value="HotSpot 64-Bit Tiered Compilers"/>
    <property name="os.version" value="2.6.32-279.5.2.el6.x86_64"/>
    <property name="user.home" value="/home/vagrant"/>
    <property name="user.timezone" value="Europe/Brussels"/>
    <property name="java.awt.printerjob" value="sun.print.PSPrinterJob"/>
    <property name="file.encoding" value="UTF-8"/>
    <property name="java.specification.version" value="1.6"/>
    <property name="user.name" value="vagrant"/>
    <property name="java.class.path" value="/usr/local/apache-maven-3.0.5/boot/plexus-classworlds-2.4.jar"/>
    <property name="java.vm.specification.version" value="1.0"/>
    <property name="sun.arch.data.model" value="64"/>
    <property name="java.home" value="/usr/lib/jvm/jdk1.6.0_45/jre"/>
    <property name="sun.java.command" value="org.codehaus.plexus.classworlds.launcher.Launcher package"/>
    <property name="java.specification.vendor" value="Sun Microsystems Inc."/>
    <property name="user.language" value="en"/>
    <property name="java.vm.info" value="mixed mode"/>
    <property name="java.version" value="1.6.0_45"/>
    <property name="java.ext.dirs" value="/usr/lib/jvm/jdk1.6.0_45/jre/lib/ext:/usr/java/packages/lib/ext"/>
    <property name="securerandom.source" value="file:/dev/./urandom"/>
    <property name="sun.boot.class.path" value="/usr/lib/jvm/jdk1.6.0_45/jre/lib/resources.jar:/usr/lib/jvm/jdk1.6.0_45/jre/lib/rt.jar:/usr/lib/jvm/jdk1.6.0_45/jre/lib/sunrsasign.jar:/usr/lib/jvm/jdk1.6.0_45/jre/lib/jsse.jar:/usr/lib/jvm/jdk1.6.0_45/jre/lib/jce.jar:/usr/lib/jvm/jdk1.6.0_45/jre/lib/charsets.jar:/usr/lib/jvm/jdk1.6.0_45/jre/lib/modules/jdk.boot.jar:/usr/lib/jvm/jdk1.6.0_45/jre/classes"/>
    <property name="java.vendor" value="Sun Microsystems Inc."/>
    <property name="maven.home" value="/usr/local/apache-maven-3.0.5"/>
    <property name="file.separator" value="/"/>
    <property name="java.vendor.url.bug" value="http://java.sun.com/cgi-bin/bugreport.cgi"/>
    <property name="sun.cpu.endian" value="little"/>
    <property name="sun.io.unicode.encoding" value="UnicodeLittle"/>
    <property name="sun.cpu.isalist" value=""/>
  </properties>
  <testcase time="4.895" classname="org.apache.avro.TestDataFileConcat" name="testConcateateFiles[0]"/>
  <testcase time="1.749" classname="org.apache.avro.TestDataFileConcat" name="testConcateateFiles[1]"/>
  <testcase time="2.54" classname="org.apache.avro.TestDataFileConcat" name="testConcateateFiles[2]"/>
  <testcase time="2.633" classname="org.apache.avro.TestDataFileConcat" name="testConcateateFiles[3]"/>
  <testcase time="2.133" classname="org.apache.avro.TestDataFileConcat" name="testConcateateFiles[4]"/>
  <testcase time="1.74" classname="org.apache.avro.TestDataFileConcat" name="testConcateateFiles[5]"/>
</testsuite>